2024-08-23 12:54:45.594 [info] Started local extension host with pid 33893.
2024-08-23 12:54:45.996 [error] [onecentlin.laravel5-snippets]: Unknown language in `contributes.laravel5-snippets.language`. Provided value: blade
2024-08-23 12:54:48.789 [info] [perf] Render performance baseline is 26ms
2024-08-23 13:10:55.929 [error] [Extension Host] PHP Parse error:  syntax error, unexpected token "}", expecting "," or ";" in /home/rafixp/laravel-laundry-rafi/app/Models/Pembayaran.php on line 13

2024-08-23 13:11:37.697 [error] [Extension Host] PHP Parse error:  syntax error, unexpected token "}", expecting "," or ";" in /home/rafixp/laravel-laundry-rafi/app/Models/Pembayaran.php on line 13

2024-08-23 13:30:24.845 [error] 
   ParseError 

  syntax error, unexpected identifier "Route", expecting "{"

  at routes/web.php:17
     13▕ | be assigned to the "web" middleware group. Make something great!
     14▕ |
     15▕ */
     16▕ 
  ➜  17▕ Route::get('/', function () {
     18▕     return view('welcome');
     19▕ });
     20▕ 
     21▕ Route::get('/admin/login')

      [2m+3 vendor frames [22m

  4   app/Providers/RouteServiceProvider.php:37
      Illuminate\Routing\RouteRegistrar::group()
      [2m+15 vendor frames [22m

  20  [internal]:0
      Illuminate\Foundation\Application::Illuminate\Foundation\{closure}()


2024-08-23 13:30:37.802 [error] [Extension Host] 
   ParseError 

  syntax error, unexpected end of file

  at routes/web.php:21
     17▕ Route::get('/', function () {
     18▕     return view('welcome');
     19▕ });
     20▕ 
  ➜  21▕ Route::get('/admin/login')

      [2m+3 vendor frames [22m

  4   app/Providers/RouteServiceProvider.php:37
      Illuminate\Routing\RouteRegistrar::group()
      [2m+15 vendor frames [22m

  20  [internal]:0
      Illuminate\Foundation\Application::Illuminate\Foundation\{closure}()


2024-08-23 13:30:38.799 [error] 
   ParseError 

  syntax error, unexpected end of file

  at routes/web.php:21
     17▕ Route::get('/', function () {
     18▕     return view('welcome');
     19▕ });
     20▕ 
  ➜  21▕ Route::get('/admin/login')

      [2m+3 vendor frames [22m

  4   app/Providers/RouteServiceProvider.php:37
      Illuminate\Routing\RouteRegistrar::group()
      [2m+15 vendor frames [22m

  20  [internal]:0
      Illuminate\Foundation\Application::Illuminate\Foundation\{closure}()


2024-08-23 13:30:47.509 [error] 
   ParseError 

  syntax error, unexpected end of file

  at routes/web.php:24
     20▕ Route::get('/', function () {
     21▕     return view('welcome');
     22▕ });
     23▕ 
  ➜  24▕ Route::get('/admin/login')

      [2m+3 vendor frames [22m

  4   app/Providers/RouteServiceProvider.php:37
      Illuminate\Routing\RouteRegistrar::group()
      [2m+15 vendor frames [22m

  20  [internal]:0
      Illuminate\Foundation\Application::Illuminate\Foundation\{closure}()


2024-08-23 13:30:56.062 [error] 
   ParseError 

  syntax error, unexpected end of file

  at routes/web.php:24
     20▕ Route::get('/', function () {
     21▕     return view('welcome');
     22▕ });
     23▕ 
  ➜  24▕ Route::get('/admin/login')

      [2m+3 vendor frames [22m

  4   app/Providers/RouteServiceProvider.php:37
      Illuminate\Routing\RouteRegistrar::group()
      [2m+15 vendor frames [22m

  20  [internal]:0
      Illuminate\Foundation\Application::Illuminate\Foundation\{closure}()


2024-08-23 13:31:09.558 [error] 
   UnexpectedValueException 

  Invalid route action: [].

  at vendor/laravel/framework/src/Illuminate/Routing/RouteAction.php:92
     88▕      */
     89▕     protected static function makeInvokable($action)
     90▕     {
     91▕         if (! method_exists($action, '__invoke')) {
  ➜  92▕             throw new UnexpectedValueException("Invalid route action: [{$action}].");
     93▕         }
     94▕ 
     95▕         return $action.'@__invoke';
     96▕     }

      [2m+8 vendor frames [22m

  9   routes/web.php:24
      Illuminate\Support\Facades\Facade::__callStatic()
      [2m+4 vendor frames [22m

  14  app/Providers/RouteServiceProvider.php:37
      Illuminate\Routing\RouteRegistrar::group()


