2024-08-23 12:54:47.028 [info] [main] Log level: Info
2024-08-23 12:54:47.028 [info] [main] Validating found git in: "git"
2024-08-23 12:54:47.028 [info] [main] Using git "2.34.1" from "git"
2024-08-23 12:54:47.028 [info] [Model][doInitialScan] Initial repository scan started
2024-08-23 12:54:47.028 [info] > git rev-parse --show-toplevel [3ms]
2024-08-23 12:54:47.028 [info] fatal: not a git repository (or any of the parent directories): .git
2024-08-23 12:54:47.031 [info] > git rev-parse --show-toplevel [1ms]
2024-08-23 12:54:47.031 [info] fatal: not a git repository (or any of the parent directories): .git
2024-08-23 12:54:47.033 [info] > git rev-parse --show-toplevel [0ms]
2024-08-23 12:54:47.033 [info] fatal: not a git repository (or any of the parent directories): .git
2024-08-23 12:54:47.035 [info] > git rev-parse --show-toplevel [0ms]
2024-08-23 12:54:47.035 [info] fatal: not a git repository (or any of the parent directories): .git
2024-08-23 12:54:47.037 [info] > git rev-parse --show-toplevel [0ms]
2024-08-23 12:54:47.037 [info] fatal: not a git repository (or any of the parent directories): .git
2024-08-23 12:54:47.039 [info] > git rev-parse --show-toplevel [0ms]
2024-08-23 12:54:47.039 [info] fatal: not a git repository (or any of the parent directories): .git
2024-08-23 12:54:47.041 [info] > git rev-parse --show-toplevel [1ms]
2024-08-23 12:54:47.041 [info] fatal: not a git repository (or any of the parent directories): .git
2024-08-23 12:54:47.043 [info] > git rev-parse --show-toplevel [1ms]
2024-08-23 12:54:47.043 [info] fatal: not a git repository (or any of the parent directories): .git
2024-08-23 12:54:47.045 [info] > git rev-parse --show-toplevel [1ms]
2024-08-23 12:54:47.045 [info] fatal: not a git repository (or any of the parent directories): .git
2024-08-23 12:54:47.047 [info] > git rev-parse --show-toplevel [1ms]
2024-08-23 12:54:47.047 [info] fatal: not a git repository (or any of the parent directories): .git
2024-08-23 12:54:47.049 [info] > git rev-parse --show-toplevel [1ms]
2024-08-23 12:54:47.049 [info] fatal: not a git repository (or any of the parent directories): .git
2024-08-23 12:54:47.051 [info] > git rev-parse --show-toplevel [0ms]
2024-08-23 12:54:47.051 [info] fatal: not a git repository (or any of the parent directories): .git
2024-08-23 12:54:47.052 [info] [Model][doInitialScan] Initial repository scan completed - repositories (0), closed repositories (0), parent repositories (0), unsafe repositories (0)
2024-08-23 12:54:47.713 [info] > git rev-parse --show-toplevel [1ms]
2024-08-23 12:54:47.713 [info] fatal: not a git repository (or any of the parent directories): .git
2024-08-23 12:54:48.039 [info] > git rev-parse --show-toplevel [1ms]
2024-08-23 12:54:48.039 [info] fatal: not a git repository (or any of the parent directories): .git
2024-08-23 12:54:49.833 [info] > git rev-parse --show-toplevel [1ms]
2024-08-23 12:54:49.833 [info] fatal: not a git repository (or any of the parent directories): .git
2024-08-23 13:03:37.447 [info] > git rev-parse --show-toplevel [1ms]
2024-08-23 13:03:37.447 [info] fatal: not a git repository (or any of the parent directories): .git
2024-08-23 13:10:39.653 [info] > git rev-parse --show-toplevel [51ms]
2024-08-23 13:10:39.653 [info] fatal: not a git repository (or any of the parent directories): .git
2024-08-23 13:10:40.600 [info] > git rev-parse --show-toplevel [1ms]
2024-08-23 13:10:40.600 [info] fatal: not a git repository (or any of the parent directories): .git
2024-08-23 13:12:41.545 [info] > git rev-parse --show-toplevel [1ms]
2024-08-23 13:12:41.545 [info] fatal: not a git repository (or any of the parent directories): .git
2024-08-23 13:13:42.184 [info] > git rev-parse --show-toplevel [1ms]
2024-08-23 13:13:42.184 [info] fatal: not a git repository (or any of the parent directories): .git
2024-08-23 13:19:58.888 [info] > git rev-parse --show-toplevel [1ms]
2024-08-23 13:19:58.888 [info] fatal: not a git repository (or any of the parent directories): .git
2024-08-23 13:19:58.896 [info] > git rev-parse --show-toplevel [2ms]
2024-08-23 13:19:58.896 [info] fatal: not a git repository (or any of the parent directories): .git
2024-08-23 13:19:58.907 [info] > git rev-parse --show-toplevel [2ms]
2024-08-23 13:19:58.907 [info] fatal: not a git repository (or any of the parent directories): .git
2024-08-23 13:19:58.917 [info] > git rev-parse --show-toplevel [2ms]
2024-08-23 13:19:58.917 [info] fatal: not a git repository (or any of the parent directories): .git
2024-08-23 13:19:58.925 [info] > git rev-parse --show-toplevel [2ms]
2024-08-23 13:19:58.925 [info] fatal: not a git repository (or any of the parent directories): .git
2024-08-23 13:19:58.932 [info] > git rev-parse --show-toplevel [1ms]
2024-08-23 13:19:58.932 [info] fatal: not a git repository (or any of the parent directories): .git
2024-08-23 13:19:58.939 [info] > git rev-parse --show-toplevel [2ms]
2024-08-23 13:19:58.939 [info] fatal: not a git repository (or any of the parent directories): .git
2024-08-23 13:19:58.945 [info] > git rev-parse --show-toplevel [2ms]
2024-08-23 13:19:58.945 [info] fatal: not a git repository (or any of the parent directories): .git
2024-08-23 13:19:58.953 [info] > git rev-parse --show-toplevel [2ms]
2024-08-23 13:19:58.953 [info] fatal: not a git repository (or any of the parent directories): .git
2024-08-23 13:19:58.962 [info] > git rev-parse --show-toplevel [3ms]
2024-08-23 13:19:58.962 [info] fatal: not a git repository (or any of the parent directories): .git
2024-08-23 13:19:58.971 [info] > git rev-parse --show-toplevel [2ms]
2024-08-23 13:19:58.971 [info] fatal: not a git repository (or any of the parent directories): .git
2024-08-23 13:19:58.974 [info] > git rev-parse --show-toplevel [1ms]
2024-08-23 13:19:58.974 [info] fatal: not a git repository (or any of the parent directories): .git
2024-08-23 13:19:59.919 [info] > git rev-parse --show-toplevel [3ms]
2024-08-23 13:19:59.919 [info] fatal: not a git repository (or any of the parent directories): .git
2024-08-23 13:19:59.929 [info] > git rev-parse --show-toplevel [2ms]
2024-08-23 13:19:59.929 [info] fatal: not a git repository (or any of the parent directories): .git
2024-08-23 13:20:00.522 [info] > git rev-parse --show-toplevel [2ms]
2024-08-23 13:20:00.522 [info] fatal: not a git repository (or any of the parent directories): .git
2024-08-23 13:20:00.530 [info] > git rev-parse --show-toplevel [1ms]
2024-08-23 13:20:00.530 [info] fatal: not a git repository (or any of the parent directories): .git
2024-08-23 13:20:01.540 [info] > git rev-parse --show-toplevel [3ms]
2024-08-23 13:20:01.541 [info] fatal: not a git repository (or any of the parent directories): .git
2024-08-23 13:20:01.552 [info] > git rev-parse --show-toplevel [2ms]
2024-08-23 13:20:01.552 [info] fatal: not a git repository (or any of the parent directories): .git
2024-08-23 13:20:01.560 [info] > git rev-parse --show-toplevel [1ms]
2024-08-23 13:20:01.560 [info] fatal: not a git repository (or any of the parent directories): .git
2024-08-23 13:20:33.567 [info] > git rev-parse --show-toplevel [1ms]
2024-08-23 13:20:33.567 [info] fatal: not a git repository (or any of the parent directories): .git
2024-08-23 13:26:46.263 [info] > git rev-parse --show-toplevel [1ms]
2024-08-23 13:26:46.263 [info] fatal: not a git repository (or any of the parent directories): .git
2024-08-23 13:29:54.576 [info] > git rev-parse --show-toplevel [1ms]
2024-08-23 13:29:54.576 [info] fatal: not a git repository (or any of the parent directories): .git
2024-08-23 13:32:16.956 [info] > git rev-parse --show-toplevel [0ms]
2024-08-23 13:32:16.957 [info] fatal: not a git repository (or any of the parent directories): .git
2024-08-23 13:33:12.871 [info] > git rev-parse --show-toplevel [0ms]
2024-08-23 13:33:12.874 [info] > git rev-parse --git-dir --git-common-dir [1ms]
2024-08-23 13:33:12.878 [info] [Model][openRepository] Opened repository: /home/rafixp/laravel-laundry-rafi
2024-08-23 13:33:12.883 [info] [Git][getRemotes] No remotes found in the git config file
2024-08-23 13:33:12.884 [info] > git config --get commit.template [3ms]
2024-08-23 13:33:12.884 [info] > git for-each-ref --format=%(refname)%00%(upstream:short)%00%(objectname)%00%(upstream:track)%00%(upstream:remotename)%00%(upstream:remoteref) refs/heads/master refs/remotes/master [1ms]
2024-08-23 13:33:12.884 [warning] [Git][getBranch] No such branch: master
2024-08-23 13:33:12.888 [info] > git status -z -uall [2ms]
2024-08-23 13:33:12.900 [info] > git for-each-ref --format=%(refname)%00%(upstream:short)%00%(objectname)%00%(upstream:track)%00%(upstream:remotename)%00%(upstream:remoteref) refs/heads/master refs/remotes/master [8ms]
2024-08-23 13:33:12.900 [warning] [Git][getBranch] No such branch: master
2024-08-23 13:33:12.901 [info] > git config --get commit.template [1ms]
2024-08-23 13:33:12.904 [info] [Git][getRemotes] No remotes found in the git config file
2024-08-23 13:33:12.904 [info] > git for-each-ref --format=%(refname)%00%(upstream:short)%00%(objectname)%00%(upstream:track)%00%(upstream:remotename)%00%(upstream:remoteref) refs/heads/master refs/remotes/master [0ms]
2024-08-23 13:33:12.904 [warning] [Git][getBranch] No such branch: master
2024-08-23 13:33:12.909 [info] > git status -z -uall [2ms]
2024-08-23 13:33:12.915 [info] > git for-each-ref --format=%(refname)%00%(upstream:short)%00%(objectname)%00%(upstream:track)%00%(upstream:remotename)%00%(upstream:remoteref) refs/heads/master refs/remotes/master [3ms]
2024-08-23 13:33:12.915 [warning] [Git][getBranch] No such branch: master
2024-08-23 13:33:13.239 [info] > git show --textconv :app/Http/Controllers/layananController.php [7ms]
2024-08-23 13:33:13.241 [info] > git ls-files --stage -- /home/rafixp/laravel-laundry-rafi/app/Http/Controllers/layananController.php [3ms]
2024-08-23 13:33:13.410 [info] > git check-ignore -v -z --stdin [1ms]
2024-08-23 13:33:15.059 [info] [Git][getRemotes] No remotes found in the git config file
2024-08-23 13:33:15.060 [info] > git config --get commit.template [6ms]
2024-08-23 13:33:15.062 [info] > git for-each-ref --format=%(refname)%00%(upstream:short)%00%(objectname)%00%(upstream:track)%00%(upstream:remotename)%00%(upstream:remoteref) refs/heads/master refs/remotes/master [3ms]
2024-08-23 13:33:15.062 [warning] [Git][getBranch] No such branch: master
2024-08-23 13:33:15.077 [info] > git status -z -uall [9ms]
2024-08-23 13:33:15.096 [info] > git for-each-ref --format=%(refname)%00%(upstream:short)%00%(objectname)%00%(upstream:track)%00%(upstream:remotename)%00%(upstream:remoteref) refs/heads/master refs/remotes/master [10ms]
2024-08-23 13:33:15.096 [warning] [Git][getBranch] No such branch: master
2024-08-23 13:33:20.112 [info] [Git][getRemotes] No remotes found in the git config file
2024-08-23 13:33:20.113 [info] > git config --get commit.template [11ms]
2024-08-23 13:33:20.115 [info] > git for-each-ref --format=%(refname)%00%(upstream:short)%00%(objectname)%00%(upstream:track)%00%(upstream:remotename)%00%(upstream:remoteref) refs/heads/master refs/remotes/master [3ms]
2024-08-23 13:33:20.115 [warning] [Git][getBranch] No such branch: master
2024-08-23 13:33:20.132 [info] > git status -z -uall [9ms]
2024-08-23 13:33:20.148 [info] > git for-each-ref --format=%(refname)%00%(upstream:short)%00%(objectname)%00%(upstream:track)%00%(upstream:remotename)%00%(upstream:remoteref) refs/heads/master refs/remotes/master [7ms]
2024-08-23 13:33:20.148 [warning] [Git][getBranch] No such branch: master
2024-08-23 13:33:24.912 [info] [Git][getRemotes] No remotes found in the git config file
2024-08-23 13:33:24.912 [info] > git config --get commit.template [2ms]
2024-08-23 13:33:24.912 [info] > git for-each-ref --format=%(refname)%00%(upstream:short)%00%(objectname)%00%(upstream:track)%00%(upstream:remotename)%00%(upstream:remoteref) refs/heads/main refs/remotes/main [0ms]
2024-08-23 13:33:24.913 [warning] [Git][getBranch] No such branch: main
2024-08-23 13:33:24.916 [info] > git status -z -uall [2ms]
2024-08-23 13:33:24.921 [info] > git for-each-ref --format=%(refname)%00%(upstream:short)%00%(objectname)%00%(upstream:track)%00%(upstream:remotename)%00%(upstream:remoteref) refs/heads/main refs/remotes/main [3ms]
2024-08-23 13:33:24.921 [warning] [Git][getBranch] No such branch: main
2024-08-23 13:33:25.164 [info] [Git][getRemotes] No remotes found in the git config file
2024-08-23 13:33:25.165 [info] > git config --get commit.template [11ms]
2024-08-23 13:33:25.166 [info] > git for-each-ref --format=%(refname)%00%(upstream:short)%00%(objectname)%00%(upstream:track)%00%(upstream:remotename)%00%(upstream:remoteref) refs/heads/main refs/remotes/main [3ms]
2024-08-23 13:33:25.167 [warning] [Git][getBranch] No such branch: main
2024-08-23 13:33:25.180 [info] > git status -z -uall [5ms]
2024-08-23 13:33:25.196 [info] > git for-each-ref --format=%(refname)%00%(upstream:short)%00%(objectname)%00%(upstream:track)%00%(upstream:remotename)%00%(upstream:remoteref) refs/heads/main refs/remotes/main [8ms]
2024-08-23 13:33:25.196 [warning] [Git][getBranch] No such branch: main
2024-08-23 13:33:26.058 [info] > git ls-files --stage -- /home/rafixp/laravel-laundry-rafi/app/Http/Controllers/layananController.php [3ms]
2024-08-23 13:33:26.072 [info] > git show --textconv :app/Http/Controllers/layananController.php [3ms]
2024-08-23 13:33:30.215 [info] [Git][getRemotes] No remotes found in the git config file
2024-08-23 13:33:30.216 [info] > git config --get commit.template [11ms]
2024-08-23 13:33:30.217 [info] > git for-each-ref --format=%(refname)%00%(upstream:short)%00%(objectname)%00%(upstream:track)%00%(upstream:remotename)%00%(upstream:remoteref) refs/heads/main refs/remotes/main [3ms]
2024-08-23 13:33:30.217 [warning] [Git][getBranch] No such branch: main
2024-08-23 13:33:30.235 [info] > git status -z -uall [10ms]
2024-08-23 13:33:30.256 [info] > git for-each-ref --format=%(refname)%00%(upstream:short)%00%(objectname)%00%(upstream:track)%00%(upstream:remotename)%00%(upstream:remoteref) refs/heads/main refs/remotes/main [10ms]
2024-08-23 13:33:30.256 [warning] [Git][getBranch] No such branch: main
2024-08-23 13:33:35.259 [info] > git config --get commit.template [0ms]
2024-08-23 13:33:35.259 [info] [Git][getRemotes] No remotes found in the git config file
2024-08-23 13:33:35.262 [info] > git for-each-ref --format=%(refname)%00%(upstream:short)%00%(objectname)%00%(upstream:track)%00%(upstream:remotename)%00%(upstream:remoteref) refs/heads/main refs/remotes/main [1ms]
2024-08-23 13:33:35.262 [warning] [Git][getBranch] No such branch: main
2024-08-23 13:33:35.265 [info] > git status -z -uall [1ms]
2024-08-23 13:33:35.270 [info] > git for-each-ref --format=%(refname)%00%(upstream:short)%00%(objectname)%00%(upstream:track)%00%(upstream:remotename)%00%(upstream:remoteref) refs/heads/main refs/remotes/main [2ms]
2024-08-23 13:33:35.270 [warning] [Git][getBranch] No such branch: main
